[22:36:38] [ServerMain/INFO]: [bootstrap] Running Java 24 (Java HotSpot(TM) 64-Bit Server VM 24.0.2+12-54; Oracle Corporation null) on Windows 11 10.0 (amd64)
[22:36:38] [ServerMain/INFO]: [bootstrap] Loading Paper 1.21.8-11-main@a5f2f61 (2025-07-22T08:53:33Z) for Minecraft 1.21.8
[22:36:39] [ServerMain/INFO]: [PluginInitializerManager] Initializing plugins...
[22:36:39] [ServerMain/INFO]: [PluginInitializerManager] Initialized 0 plugins
[22:36:58] [ServerMain/INFO]: Environment: Environment[sessionHost=https://sessionserver.mojang.com, servicesHost=https://api.minecraftservices.com, name=PROD]
[22:36:58] [ServerMain/INFO]: Found new data pack file/bukkit, loading it automatically
[22:36:58] [ServerMain/INFO]: Found new data pack paper, loading it automatically
[22:37:00] [ServerMain/INFO]: No existing world data, creating new world
[22:37:02] [ServerMain/INFO]: Loaded 1407 recipes
[22:37:02] [ServerMain/INFO]: Loaded 1520 advancements
[22:37:02] [ServerMain/INFO]: [ca.spottedleaf.dataconverter.minecraft.datatypes.MCTypeRegistry] Initialising converters for DataConverter...
[22:37:03] [ServerMain/INFO]: [ca.spottedleaf.dataconverter.minecraft.datatypes.MCTypeRegistry] Finished initialising converters for DataConverter in 1,262.3ms
[22:37:04] [Server thread/INFO]: Starting minecraft server version 1.21.8
[22:37:04] [Server thread/INFO]: Loading properties
[22:37:04] [Server thread/INFO]: This server is running Paper version 1.21.8-11-main@a5f2f61 (2025-07-22T08:53:33Z) (Implementing API version 1.21.8-R0.1-SNAPSHOT)
[22:37:04] [Server thread/INFO]: [spark] This server bundles the spark profiler. For more information please visit https://docs.papermc.io/paper/profiling
[22:37:04] [Server thread/INFO]: Using 4 threads for Netty based IO
[22:37:04] [Server thread/INFO]: Server Ping Player Sample Count: 12
[22:37:05] [Server thread/INFO]: [MoonriseCommon] Paper is using 3 worker threads, 1 I/O threads
[22:37:05] [Server thread/INFO]: [ChunkTaskScheduler] Chunk system is using population gen parallelism: true
[22:37:06] [Server thread/INFO]: Default game type: SURVIVAL
[22:37:06] [Server thread/INFO]: Generating keypair
[22:37:06] [Server thread/INFO]: Starting Minecraft server on *:25565
[22:37:06] [Server thread/INFO]: Using default channel type
[22:37:06] [Server thread/INFO]: Paper: Using Java compression from Velocity.
[22:37:06] [Server thread/INFO]: Paper: Using Java cipher from Velocity.
[22:37:07] [Server thread/INFO]: Preparing level "world"
[22:37:13] [Server thread/INFO]: Preparing start region for dimension minecraft:overworld
[22:37:13] [Server thread/INFO]: Preparing spawn area: 0%
[22:37:13] [Server thread/INFO]: Preparing spawn area: 2%
[22:37:14] [Server thread/INFO]: Preparing spawn area: 8%
[22:37:14] [Server thread/INFO]: Preparing spawn area: 18%
[22:37:15] [Server thread/INFO]: Preparing spawn area: 32%
[22:37:15] [Server thread/INFO]: Preparing spawn area: 51%
[22:37:16] [Server thread/INFO]: Preparing spawn area: 77%
[22:37:16] [Server thread/INFO]: Time elapsed: 3047 ms
[22:37:16] [Server thread/INFO]: Preparing start region for dimension minecraft:the_nether
[22:37:16] [Server thread/INFO]: Preparing spawn area: 2%
[22:37:16] [Server thread/INFO]: Preparing spawn area: 14%
[22:37:17] [Server thread/INFO]: Preparing spawn area: 67%
[22:37:17] [Server thread/INFO]: Time elapsed: 1137 ms
[22:37:17] [Server thread/INFO]: Preparing start region for dimension minecraft:the_end
[22:37:17] [Server thread/INFO]: Preparing spawn area: 2%
[22:37:18] [Server thread/INFO]: Preparing spawn area: 18%
[22:37:18] [Server thread/INFO]: Preparing spawn area: 18%
[22:37:18] [Server thread/INFO]: Time elapsed: 1040 ms
[22:37:18] [Server thread/INFO]: [spark] Starting background profiler...
[22:37:18] [Server thread/INFO]: [spark] The async-profiler engine is not supported for your os/arch (windows11/amd64), so the built-in Java engine will be used instead.
[22:37:19] [Server thread/INFO]: Done preparing level "world" (12.069s)
[22:37:19] [Server thread/INFO]: Running delayed init tasks
[22:37:19] [Server thread/INFO]: Done (41.729s)! For help, type "help"
[22:37:19] [Server thread/INFO]: *************************************************************************************
[22:37:19] [Server thread/INFO]: This is the first time you're starting this server.
[22:37:19] [Server thread/INFO]: It's recommended you read our 'Getting Started' documentation for guidance.
[22:37:19] [Server thread/INFO]: View this and more helpful information here: https://docs.papermc.io/paper/next-steps
[22:37:19] [Server thread/INFO]: *************************************************************************************
